             GGG   U   U  I  DDDD   EEEE
            G   G  U   U  I  D   D  E
            G      U   U  I  D   D  E
            G  GG  U   U  I  D   D  EEE
            G   G  U   U  I  D   D  E
            G   G  U   U  I  D   D  E
             GGG    UUU   I  DDDD   EEEE
   
 GUIDE Classification and Regression Trees and Forests
 Version 32.0 (Build date: August 29, 2019)        
 Compiled with NAG Fortran 6.2.0 on macOS Mojave 10.14.6     
 Copyright (c) 1997-2019 Wei-Yin Loh. All rights reserved.
 This software is based upon work supported by the U.S. Army Research Office,
 the National Science Foundation and the National Institutes of Health.
  
 This job was started on 11/14/19 at 17:10
  
 Classification tree
 No pruning
 Data description file: desc1.txt
 Training sample file: topic1.csv
 Missing value code: Na
 Records in data file start on line 2
 Dependent variable is stars
 Number of records in data file: 1238
 Length of longest entry in data file: 13
 Missing values found among categorical variables
 Separate categories will be created for missing categorical variables
 Number of classes: 3
 Warning: All values missing in categorical variable AgesAllowed
 Warning: All values missing in categorical variable Alcohol
 Warning: All values missing in categorical variable OutdoorSeating
 Training sample class proportions of D variable stars:
 Class  #Cases     Proportion
 free      435     0.54511278
 no        357     0.44736842
 paid        6     0.00751880
  
      Total  #cases w/   #missing
     #cases    miss. D  ord. vals   #X-var   #N-var   #F-var   #S-var
       1238        440          0        0        0        0        0
     #P-var   #M-var   #B-var   #C-var   #I-var
          0        0        0       65        0
 No. cases used for training: 798
 No. cases excluded due to 0 weight or missing D: 440
  
 Importance scoring of variables
 Univariate split highest priority
 Interaction splits 2nd priority; no linear splits
 Fraction of noise variables erroneously identified as important = .01000
 Simple node models
 Equal priors
 Unit misclassification costs
 Split values for N and S variables based on exhaustive search
 Maximum number of split levels: 3
 Minimum node sample size: 5
  
 Structure of final tree. Each terminal node is marked with a T.
  
 Node cost is node misclassification cost divided by number of training cases
        Node    Total    Train    Predicted        Node    Split          Interacting
       label    cases    cases    class            cost    variables      variable
           1      798      798    free           4.297E-01 RestaurantsPriceRange2 
           2      176      176    free           3.332E-01 BusinessParking_garage 
           4      160      160    free           2.430E-01 RestaurantsAttire 
           8T      90       90    free           4.311E-02 Ambience_casual 
           9T      70       70    paid           3.184E-01 BusinessAcceptsBitcoin 
           5       16       16    paid           1.171E-01 BusinessParking_garage 
          10T       6        6    no             1.875E-01 - 
          11T      10       10    paid           7.271E-02 - 
           3      622      622    no             3.735E-01 BusinessParking_garage 
           6       64       64    no             6.764E-02 WiFi 
          12T       6        6    free           1.263E-01 - 
          13T      58       58    no             2.762E-02 Ambience_casual 
           7      558      558    no             3.992E-01 RestaurantsPriceRange2 
          14T      93       93    paid           2.707E-01 - 
          15T     465      465    no             3.823E-01 Smoking 
  
 Number of terminal nodes of final tree: 8
 Total number of nodes of final tree: 15
 Second best split variable (based on curvature test) at root node is Ambience_divey
  
 Classification tree:
 At splits on categorical variables, values not in training data go to the right
  
 Node 1: RestaurantsPriceRange2 = "Na"
   Node 2: BusinessParking_garage = "True"
     Node 4: RestaurantsAttire = "True"
       Node 8: free
     Node 4: RestaurantsAttire /= "True"
       Node 9: paid
   Node 2: BusinessParking_garage /= "True"
     Node 5: BusinessParking_garage = "False"
       Node 10: no
     Node 5: BusinessParking_garage /= "False"
       Node 11: paid
 Node 1: RestaurantsPriceRange2 /= "Na"
   Node 3: BusinessParking_garage = "False"
     Node 6: WiFi = "True"
       Node 12: free
     Node 6: WiFi /= "True"
       Node 13: no
   Node 3: BusinessParking_garage /= "False"
     Node 7: RestaurantsPriceRange2 = "False"
       Node 14: paid
     Node 7: RestaurantsPriceRange2 /= "False"
       Node 15: no
 
 ***************************************************************
 
  
Node 1: Intermediate node
 A case goes into Node 2 if RestaurantsPriceRange2 = "Na"
 RestaurantsPriceRange2 mode = "True"
 Class      Number   Posterior
 free          435     0.33333
 no            357     0.33333
 paid            6     0.33333
 Number of training cases misclassified = 363
 Predicted class is free
 ----------------------------
Node 2: Intermediate node
 A case goes into Node 4 if BusinessParking_garage = "True"
 BusinessParking_garage mode = "True"
 Class      Number   Posterior
 free          156     0.48307
 no             18     0.06792
 paid            2     0.44901
 Number of training cases misclassified = 20
 Predicted class is free
 ----------------------------
Node 4: Intermediate node
 A case goes into Node 8 if RestaurantsAttire = "True"
 RestaurantsAttire mode = "True"
 Class      Number   Posterior
 free          146     0.62303
 no             13     0.06760
 paid            1     0.30938
 Number of training cases misclassified = 14
 Predicted class is free
 ----------------------------
Node 8: Terminal node
 Class      Number   Posterior
 free           85     0.93312
 no              5     0.06688
 paid            0     0.00000
 Number of training cases misclassified = 5
 Predicted class is free
 ----------------------------
Node 9: Terminal node
 Class      Number   Posterior
 free           61     0.42584
 no              8     0.06805
 paid            1     0.50612
 Number of training cases misclassified = 69
 Predicted class is paid
 ----------------------------
Node 5: Intermediate node
 A case goes into Node 10 if BusinessParking_garage = "False"
 BusinessParking_garage mode = "Na"
 Class      Number   Posterior
 free           10     0.11288
 no              5     0.06877
 paid            1     0.81835
 Number of training cases misclassified = 15
 Predicted class is paid
 ----------------------------
Node 10: Terminal node
 Class      Number   Posterior
 free            2     0.29095
 no              4     0.70905
 paid            0     0.00000
 Number of training cases misclassified = 2
 Predicted class is no
 ----------------------------
Node 11: Terminal node
 Class      Number   Posterior
 free            8     0.09790
 no              1     0.01491
 paid            1     0.88719
 Number of training cases misclassified = 9
 Predicted class is paid
 ----------------------------
Node 3: Intermediate node
 A case goes into Node 6 if BusinessParking_garage = "False"
 BusinessParking_garage mode = "True"
 Class      Number   Posterior
 free          279     0.28409
 no            339     0.42061
 paid            4     0.29530
 Number of training cases misclassified = 283
 Predicted class is no
 ----------------------------
Node 6: Intermediate node
 A case goes into Node 12 if WiFi = "True"
 WiFi mode = "Na"
 Class      Number   Posterior
 free            8     0.10494
 no             56     0.89506
 paid            0     0.00000
 Number of training cases misclassified = 8
 Predicted class is no
 ----------------------------
Node 12: Terminal node
 Class      Number   Posterior
 free            5     0.80405
 no              1     0.19595
 paid            0     0.00000
 Number of training cases misclassified = 1
 Predicted class is free
 ----------------------------
Node 13: Terminal node
 Class      Number   Posterior
 free            3     0.04285
 no             55     0.95715
 paid            0     0.00000
 Number of training cases misclassified = 3
 Predicted class is no
 ----------------------------
Node 7: Intermediate node
 A case goes into Node 14 if RestaurantsPriceRange2 = "False"
 RestaurantsPriceRange2 mode = "True"
 Class      Number   Posterior
 free          271     0.29917
 no            283     0.38068
 paid            4     0.32015
 Number of training cases misclassified = 275
 Predicted class is no
 ----------------------------
Node 14: Terminal node
 Class      Number   Posterior
 free           27     0.10801
 no             64     0.31195
 paid            2     0.58004
 Number of training cases misclassified = 91
 Predicted class is paid
 ----------------------------
Node 15: Terminal node
 Class      Number   Posterior
 free          244     0.37204
 no            219     0.40688
 paid            2     0.22109
 Number of training cases misclassified = 246
 Predicted class is no
 ----------------------------
  
 ******************************************************
 Variables used for splitting:
 BusinessParking_garage
 RestaurantsAttire
 RestaurantsPriceRange2
 WiFi
 
 Number of terminal nodes: 8
 
  Predictor variables sorted by importance scores
  Importance Scores
 Scaled       Unscaled         Rank  Variable
  100.0    1.65784E+01         1.00  RestaurantsPriceRange2
   89.5    1.48416E+01         2.00  Ambience_romantic
   89.5    1.48415E+01         3.00  Ambience_divey
   89.5    1.48331E+01         4.00  Ambience_touristy
   89.4    1.48194E+01         5.00  Ambience_intimate
   89.3    1.48109E+01         6.00  Ambience_trendy
   86.7    1.43769E+01         7.00  Ambience_hipster
   85.2    1.41318E+01         8.00  BYOB
   84.5    1.40008E+01         9.00  Ambience_casual
   83.5    1.38495E+01        10.00  RestaurantsDelivery
   81.3    1.34801E+01        11.00  Ambience_upscale
   81.1    1.34504E+01        12.00  Music_background_music
   80.5    1.33447E+01        13.00  Ambience_classy
   79.5    1.31723E+01        14.00  GoodForMeal_breakfast
   74.9    1.24104E+01        15.00  RestaurantsTableService
   64.6    1.07017E+01        16.00  Open24Hours
   59.1    9.79287E+00        17.00  RestaurantsGoodForGroups
   53.9    8.92991E+00        18.00  BusinessParking_garage
   33.2    5.50172E+00        19.00  HappyHour
   25.5    4.23158E+00        20.00  RestaurantsAttire
   24.4    4.05224E+00        21.00  GoodForMeal_brunch
   22.3    3.69817E+00        22.00  Smoking
   21.2    3.51224E+00        23.00  GoodForMeal_latenight
   20.2    3.34602E+00        24.00  GoodForMeal_dessert
   20.1    3.33600E+00        25.00  GoodForMeal_lunch
   20.0    3.31980E+00        26.00  GoodForMeal_dinner
   11.8    1.95715E+00        27.00  CoatCheck
   11.2    1.86366E+00        28.00  RestaurantsReservations
   10.1    1.66713E+00        29.00  BusinessAcceptsCreditCards
    9.2    1.52454E+00        30.00  BusinessParking_lot
    7.7    1.27676E+00        31.00  Caters
    6.8    1.13491E+00        32.00  NoiseLevel
    6.6    1.09982E+00        33.00  Corkage
    6.3    1.04044E+00        34.00  BusinessParking_validated
    6.3    1.03684E+00        35.00  ByAppointmentOnly
    6.0    1.00204E+00        36.50  Music_jukebox
    6.0    1.00204E+00        36.50  Music_live
 ----------------- cut-off -------------------
    6.0    9.92594E-01        38.00  Music_no_music
    5.6    9.26553E-01        39.00  GoodForKids
    4.8    7.91333E-01        40.00  WiFi
    4.4    7.34937E-01        41.00  Music_video
    4.2    6.89854E-01        42.00  BusinessParking_street
    3.8    6.32783E-01        43.00  DriveThru
    3.8    6.29235E-01        44.00  Music_dj
    3.8    6.23086E-01        45.00  BusinessParking_valet
    3.5    5.86471E-01        46.00  HasTV
    3.3    5.44051E-01        47.00  Music_karaoke
    3.0    5.04416E-01        48.00  BusinessAcceptsBitcoin
    3.0    4.98759E-01        49.00  GoodForDancing
    2.9    4.75211E-01        50.00  RestaurantsTakeOut
    2.0    3.34718E-01        51.00  WheelchairAccessible
    1.7    2.77448E-01        52.00  BYOBCorkage
    1.5    2.51794E-01        54.50  Alcohol
    1.5    2.51794E-01        54.50  AgesAllowed
    1.5    2.51794E-01        54.50  OutdoorSeating
    1.5    2.51794E-01        54.50  AcceptsInsurance
    1.0    1.62075E-01        57.00  BestNights_monday
    0.8    1.31441E-01        58.00  BestNights_wednesday
    0.4    6.81473E-02        59.00  BestNights_saturday
    0.3    4.60964E-02        60.00  BestNights_friday
    0.3    4.27578E-02        61.00  BestNights_thursday
    0.2    3.01939E-02        62.00  BestNights_tuesday
    0.0    2.29718E-03        63.00  BestNights_sunday
    0.0    0.00000E+00        64.00  DogsAllowed
    0.0    0.00000E+00        65.00  BikeParking
 Variables with unscaled scores above 1 are important
 
 Number of important and unimportant split variables: 37, 28
 Importance scores are stored in topic1.scr
 Elapsed time in seconds: 16.330
