             GGG   U   U  I  DDDD   EEEE
            G   G  U   U  I  D   D  E
            G      U   U  I  D   D  E
            G  GG  U   U  I  D   D  EEE
            G   G  U   U  I  D   D  E
            G   G  U   U  I  D   D  E
             GGG    UUU   I  DDDD   EEEE
   
 GUIDE Classification and Regression Trees and Forests
 Version 32.0 (Build date: August 29, 2019)        
 Compiled with NAG Fortran 6.2.0 on macOS Mojave 10.14.6     
 Copyright (c) 1997-2019 Wei-Yin Loh. All rights reserved.
 This software is based upon work supported by the U.S. Army Research Office,
 the National Science Foundation and the National Institutes of Health.
  
 This job was started on 11/14/19 at 17:57
  
 Classification tree
 No pruning
 Data description file: desc4.txt
 Training sample file: topic4.csv
 Missing value code: Na
 Records in data file start on line 2
 Dependent variable is stars
 Number of records in data file: 946
 Length of longest entry in data file: 13
 Missing values found among categorical variables
 Separate categories will be created for missing categorical variables
 Number of classes: 3
 Warning: All values missing in categorical variable AgesAllowed
 Warning: All values missing in categorical variable Alcohol
 Warning: All values missing in categorical variable OutdoorSeating
 Training sample class proportions of D variable stars:
 Class  #Cases     Proportion
 free      198     0.35611511
 no        353     0.63489209
 paid        5     0.00899281
  
      Total  #cases w/   #missing
     #cases    miss. D  ord. vals   #X-var   #N-var   #F-var   #S-var
        946        390          0        0        0        0        0
     #P-var   #M-var   #B-var   #C-var   #I-var
          0        0        0       65        0
 No. cases used for training: 556
 No. cases excluded due to 0 weight or missing D: 390
  
 Importance scoring of variables
 Univariate split highest priority
 Interaction splits 2nd priority; no linear splits
 Fraction of noise variables erroneously identified as important = .01000
 Simple node models
 Equal priors
 Unit misclassification costs
 Split values for N and S variables based on exhaustive search
 Maximum number of split levels: 3
 Minimum node sample size: 5
  
 Note: final tree is shorter due to pruning of sibling nodes with same predicted values.
 Structure of final tree. Each terminal node is marked with a T.
  
 Node cost is node misclassification cost divided by number of training cases
        Node    Total    Train    Predicted        Node    Split          Interacting
       label    cases    cases    class            cost    variables      variable
           1      556      556    free           3.918E-01 GoodForKids 
           2       22       22    paid           1.980E-01 RestaurantsGoodForGroups 
           4T      11       11    free           6.514E-02 WiFi 
           5T      11       11    paid           1.185E-01 - 
           3      534      534    no             3.712E-01 Ambience_touristy 
           6       63       63    no             2.770E-01 RestaurantsReservations 
          12T      22       22    free           1.644E-01 GoodForMeal_breakfast 
          13T      41       41    no             1.774E-01 BusinessParking_street 
           7      471      471    no             3.797E-01 BusinessAcceptsCreditCards 
          14T      69       69    free           1.628E-01 Music_background_music 
          15T     402      402    paid           3.727E-01 BusinessParking_garage 
  
 Number of terminal nodes of final tree: 6
 Total number of nodes of final tree: 11
 Second best split variable (based on curvature test) at root node is Music_background_music
  
 Classification tree:
 At splits on categorical variables, values not in training data go to the right
  
 Node 1: GoodForKids = "False"
   Node 2: RestaurantsGoodForGroups = "False"
     Node 4: free
   Node 2: RestaurantsGoodForGroups /= "False"
     Node 5: paid
 Node 1: GoodForKids /= "False"
   Node 3: Ambience_touristy = "Na"
     Node 6: RestaurantsReservations = "3", "Na"
       Node 12: free
     Node 6: RestaurantsReservations /= "3", "Na"
       Node 13: no
   Node 3: Ambience_touristy /= "Na"
     Node 7: BusinessAcceptsCreditCards = "False"
       Node 14: free
     Node 7: BusinessAcceptsCreditCards /= "False"
       Node 15: paid
 
 ***************************************************************
 
  
Node 1: Intermediate node
 A case goes into Node 2 if GoodForKids = "False"
 GoodForKids mode = "Na"
 Class      Number   Posterior
 free          198     0.33333
 no            353     0.33333
 paid            5     0.33333
 Number of training cases misclassified = 358
 Predicted class is free
 ----------------------------
Node 2: Intermediate node
 A case goes into Node 4 if RestaurantsGoodForGroups = "False"
 RestaurantsGoodForGroups mode = "False"
 Class      Number   Posterior
 free           19     0.31814
 no              2     0.01878
 paid            1     0.66307
 Number of training cases misclassified = 21
 Predicted class is paid
 ----------------------------
Node 4: Terminal node
 Class      Number   Posterior
 free            9     0.88917
 no              2     0.11083
 paid            0     0.00000
 Number of training cases misclassified = 2
 Predicted class is free
 ----------------------------
Node 5: Terminal node
 Class      Number   Posterior
 free           10     0.20161
 no              0     0.00000
 paid            1     0.79839
 Number of training cases misclassified = 10
 Predicted class is paid
 ----------------------------
Node 3: Intermediate node
 A case goes into Node 6 if Ambience_touristy = "Na"
 Ambience_touristy mode = "False"
 Class      Number   Posterior
 free          179     0.33503
 no            351     0.36849
 paid            4     0.29647
 Number of training cases misclassified = 183
 Predicted class is no
 ----------------------------
Node 6: Intermediate node
 A case goes into Node 12 if RestaurantsReservations = "3", "Na"
 RestaurantsReservations mode = "1"
 Class      Number   Posterior
 free           21     0.47130
 no             42     0.52870
 paid            0     0.00000
 Number of training cases misclassified = 21
 Predicted class is no
 ----------------------------
Node 12: Terminal node
 Class      Number   Posterior
 free           13     0.72030
 no              9     0.27970
 paid            0     0.00000
 Number of training cases misclassified = 9
 Predicted class is free
 ----------------------------
Node 13: Terminal node
 Class      Number   Posterior
 free            8     0.30177
 no             33     0.69823
 paid            0     0.00000
 Number of training cases misclassified = 8
 Predicted class is no
 ----------------------------
Node 7: Intermediate node
 A case goes into Node 14 if BusinessAcceptsCreditCards = "False"
 BusinessAcceptsCreditCards mode = "Na"
 Class      Number   Posterior
 free          158     0.32263
 no            309     0.35392
 paid            4     0.32345
 Number of training cases misclassified = 162
 Predicted class is no
 ----------------------------
Node 14: Terminal node
 Class      Number   Posterior
 free           41     0.72304
 no             28     0.27696
 paid            0     0.00000
 Number of training cases misclassified = 28
 Predicted class is free
 ----------------------------
Node 15: Terminal node
 Class      Number   Posterior
 free          117     0.27020
 no            281     0.36399
 paid            4     0.36581
 Number of training cases misclassified = 398
 Predicted class is paid
 ----------------------------
  
 ******************************************************
 Variables used for splitting:
 Ambience_touristy
 BusinessAcceptsCreditCards
 GoodForKids
 RestaurantsGoodForGroups
 RestaurantsReservations
 
 Number of terminal nodes: 6
 
  Predictor variables sorted by importance scores
  Importance Scores
 Scaled       Unscaled         Rank  Variable
  100.0    5.63636E+00         1.00  Music_background_music
   84.4    4.75623E+00         2.00  CoatCheck
   76.7    4.32159E+00         3.00  BusinessAcceptsCreditCards
   71.5    4.03124E+00         4.00  Ambience_touristy
   66.9    3.76997E+00         5.00  WiFi
   65.4    3.68714E+00         6.00  GoodForKids
   56.3    3.17514E+00         7.00  HasTV
   55.8    3.14506E+00         8.00  GoodForMeal_dinner
   54.7    3.08436E+00         9.00  RestaurantsTakeOut
   48.9    2.75853E+00        10.00  HappyHour
   46.1    2.60060E+00        11.00  NoiseLevel
   43.9    2.47171E+00        12.00  BusinessParking_street
   42.8    2.41291E+00        13.00  Music_live
   42.8    2.41100E+00        14.00  Music_video
   42.8    2.40971E+00        15.00  Music_jukebox
   42.2    2.37918E+00        16.00  GoodForMeal_lunch
   41.0    2.31108E+00        17.00  Music_no_music
   40.6    2.28639E+00        18.00  BusinessParking_garage
   40.5    2.28528E+00        19.00  Music_dj
   38.9    2.19285E+00        20.00  Ambience_classy
   37.2    2.09539E+00        21.00  GoodForMeal_latenight
   36.9    2.07742E+00        22.00  Music_karaoke
   34.8    1.96371E+00        23.00  GoodForMeal_brunch
   34.3    1.93394E+00        24.00  GoodForMeal_dessert
   29.7    1.67135E+00        25.00  DriveThru
   29.4    1.65887E+00        26.00  RestaurantsPriceRange2
   24.8    1.39988E+00        27.00  Ambience_casual
   21.7    1.22277E+00        28.00  Corkage
   20.5    1.15394E+00        29.00  RestaurantsTableService
   20.3    1.14473E+00        30.00  RestaurantsAttire
 ----------------- cut-off -------------------
   15.8    8.89070E-01        31.00  BestNights_wednesday
   13.2    7.46695E-01        32.00  GoodForMeal_breakfast
   12.5    7.02060E-01        33.00  BestNights_saturday
   11.0    6.19967E-01        34.00  BikeParking
    9.5    5.37085E-01        35.00  Ambience_upscale
    9.5    5.32943E-01        36.00  BestNights_sunday
    7.6    4.28560E-01        37.00  BusinessParking_validated
    7.5    4.22692E-01        38.00  BestNights_tuesday
    7.3    4.14075E-01        39.00  WheelchairAccessible
    7.2    4.07724E-01        40.00  BestNights_thursday
    5.9    3.32597E-01        41.00  ByAppointmentOnly
    5.9    3.32468E-01        42.00  BestNights_monday
    4.9    2.76888E-01        44.00  Caters
    4.9    2.76888E-01        44.00  BYOBCorkage
    4.9    2.76888E-01        44.00  DogsAllowed
    4.6    2.62004E-01        46.00  RestaurantsReservations
    4.5    2.55391E-01        48.50  OutdoorSeating
    4.5    2.55391E-01        48.50  AgesAllowed
    4.5    2.55391E-01        48.50  Alcohol
    4.5    2.55391E-01        48.50  AcceptsInsurance
    4.4    2.46546E-01        51.00  RestaurantsDelivery
    2.6    1.46081E-01        52.00  Smoking
    2.0    1.10908E-01        53.00  BusinessParking_valet
    1.7    9.79121E-02        54.00  BusinessParking_lot
    1.7    9.65359E-02        55.00  BYOB
    1.7    9.64297E-02        56.00  Ambience_trendy
    1.7    9.54842E-02        57.00  Open24Hours
    1.6    8.97089E-02        58.00  GoodForDancing
    1.2    6.97639E-02        59.00  Ambience_romantic
    0.7    3.92325E-02        60.00  Ambience_hipster
    0.3    1.72699E-02        61.00  Ambience_intimate
    0.3    1.68765E-02        62.00  BestNights_friday
    0.2    8.84540E-03        63.00  Ambience_divey
    0.1    4.78401E-03        64.00  BusinessAcceptsBitcoin
    0.0    0.00000E+00        65.00  RestaurantsGoodForGroups
 Variables with unscaled scores above 1 are important
 
 Number of important and unimportant split variables: 30, 35
 Importance scores are stored in topic4.scr
 Elapsed time in seconds: 12.092
