             GGG   U   U  I  DDDD   EEEE
            G   G  U   U  I  D   D  E
            G      U   U  I  D   D  E
            G  GG  U   U  I  D   D  EEE
            G   G  U   U  I  D   D  E
            G   G  U   U  I  D   D  E
             GGG    UUU   I  DDDD   EEEE
   
 GUIDE Classification and Regression Trees and Forests
 Version 32.0 (Build date: August 29, 2019)        
 Compiled with NAG Fortran 6.2.0 on macOS Mojave 10.14.6     
 Copyright (c) 1997-2019 Wei-Yin Loh. All rights reserved.
 This software is based upon work supported by the U.S. Army Research Office,
 the National Science Foundation and the National Institutes of Health.
  
 This job was started on 11/14/19 at 17:31
  
 Classification tree
 No pruning
 Data description file: desc2.txt
 Training sample file: topic2.csv
 Missing value code: Na
 Records in data file start on line 2
 Dependent variable is stars
 Number of records in data file: 1106
 Length of longest entry in data file: 13
 Missing values found among categorical variables
 Separate categories will be created for missing categorical variables
 Number of classes: 3
 Warning: All values missing in categorical variable AgesAllowed
 Training sample class proportions of D variable stars:
 Class  #Cases     Proportion
 free      456     0.60962567
 no        283     0.37834225
 paid        9     0.01203209
  
      Total  #cases w/   #missing
     #cases    miss. D  ord. vals   #X-var   #N-var   #F-var   #S-var
       1106        358          0        0        0        0        0
     #P-var   #M-var   #B-var   #C-var   #I-var
          0        0        0       65        0
 No. cases used for training: 748
 No. cases excluded due to 0 weight or missing D: 358
  
 Importance scoring of variables
 Univariate split highest priority
 Interaction splits 2nd priority; no linear splits
 Fraction of noise variables erroneously identified as important = .01000
 Simple node models
 Equal priors
 Unit misclassification costs
 Split values for N and S variables based on exhaustive search
 Maximum number of split levels: 3
 Minimum node sample size: 5
  
 Note: final tree is shorter due to pruning of sibling nodes with same predicted values.
 Structure of final tree. Each terminal node is marked with a T.
  
 Node cost is node misclassification cost divided by number of training cases
        Node    Total    Train    Predicted        Node    Split          Interacting
       label    cases    cases    class            cost    variables      variable
           1      748      748    free           4.509E-01 Music_background_music 
           2      591      591    free           3.700E-01 HasTV 
           4T     169      169    free           1.797E-01 RestaurantsAttire 
           5      422      422    no             4.059E-01 RestaurantsAttire 
          10T     229      229    free           3.466E-01 RestaurantsGoodForGroups 
          11T     193      193    no             3.783E-01 - 
           3      157      157    paid           2.708E-01 GoodForMeal_latenight :RestaurantsReservations
           6       51       51    no             2.781E-01 Music_jukebox 
          12T      19       19    free           2.033E-01 Music_dj 
          13T      32       32    no             1.835E-01 RestaurantsTakeOut 
           7      106      106    paid           2.104E-01 HappyHour :RestaurantsReservations
          14T      24       24    no             1.602E-01 RestaurantsTakeOut 
          15T      82       82    paid           1.718E-01 RestaurantsReservations :HappyHour
  
 Number of terminal nodes of final tree: 7
 Total number of nodes of final tree: 13
 Second best split variable (based on curvature test) at root node is HasTV
  
 Classification tree:
 At splits on categorical variables, values not in training data go to the right
  
 Node 1: Music_background_music = "True"
   Node 2: HasTV = "True"
     Node 4: free
   Node 2: HasTV /= "True"
     Node 5: RestaurantsAttire = "True"
       Node 10: free
     Node 5: RestaurantsAttire /= "True"
       Node 11: no
 Node 1: Music_background_music /= "True"
   Node 3: GoodForMeal_latenight = "True"
     Node 6: Music_jukebox = "False"
       Node 12: free
     Node 6: Music_jukebox /= "False"
       Node 13: no
   Node 3: GoodForMeal_latenight /= "True"
     Node 7: HappyHour = "False"
       Node 14: no
     Node 7: HappyHour /= "False"
       Node 15: paid
 
 ***************************************************************
 
  
Node 1: Intermediate node
 A case goes into Node 2 if Music_background_music = "True"
 Music_background_music mode = "True"
 Class      Number   Posterior
 free          456     0.33333
 no            283     0.33333
 paid            9     0.33333
 Number of training cases misclassified = 292
 Predicted class is free
 ----------------------------
Node 2: Intermediate node
 A case goes into Node 4 if HasTV = "True"
 HasTV mode = "Na"
 Class      Number   Posterior
 free          390     0.45294
 no            198     0.37053
 paid            3     0.17653
 Number of training cases misclassified = 201
 Predicted class is free
 ----------------------------
Node 4: Terminal node
 Class      Number   Posterior
 free          138     0.73424
 no             31     0.26576
 paid            0     0.00000
 Number of training cases misclassified = 31
 Predicted class is free
 ----------------------------
Node 5: Intermediate node
 A case goes into Node 10 if RestaurantsAttire = "True"
 RestaurantsAttire mode = "True"
 Class      Number   Posterior
 free          252     0.37439
 no            167     0.39978
 paid            3     0.22582
 Number of training cases misclassified = 255
 Predicted class is no
 ----------------------------
Node 10: Terminal node
 Class      Number   Posterior
 free          157     0.48747
 no             71     0.35521
 paid            1     0.15732
 Number of training cases misclassified = 72
 Predicted class is free
 ----------------------------
Node 11: Terminal node
 Class      Number   Posterior
 free           95     0.27064
 no             96     0.44068
 paid            2     0.28868
 Number of training cases misclassified = 97
 Predicted class is no
 ----------------------------
Node 3: Intermediate node
 A case goes into Node 6 if GoodForMeal_latenight = "True"
 GoodForMeal_latenight mode = "Na"
 Class      Number   Posterior
 free           66     0.13019
 no             85     0.27016
 paid            6     0.59965
 Number of training cases misclassified = 151
 Predicted class is paid
 ----------------------------
Node 6: Intermediate node
 A case goes into Node 12 if Music_jukebox = "False"
 Music_jukebox mode = "Na"
 Class      Number   Posterior
 free           27     0.41114
 no             24     0.58886
 paid            0     0.00000
 Number of training cases misclassified = 27
 Predicted class is no
 ----------------------------
Node 12: Terminal node
 Class      Number   Posterior
 free           15     0.69946
 no              4     0.30054
 paid            0     0.00000
 Number of training cases misclassified = 4
 Predicted class is free
 ----------------------------
Node 13: Terminal node
 Class      Number   Posterior
 free           12     0.27133
 no             20     0.72867
 paid            0     0.00000
 Number of training cases misclassified = 12
 Predicted class is no
 ----------------------------
Node 7: Intermediate node
 A case goes into Node 14 if HappyHour = "False"
 HappyHour mode = "Na"
 Class      Number   Posterior
 free           39     0.08838
 no             61     0.22273
 paid            6     0.68889
 Number of training cases misclassified = 100
 Predicted class is paid
 ----------------------------
Node 14: Terminal node
 Class      Number   Posterior
 free            8     0.23682
 no             16     0.76318
 paid            0     0.00000
 Number of training cases misclassified = 8
 Predicted class is no
 ----------------------------
Node 15: Terminal node
 Class      Number   Posterior
 free           31     0.07607
 no             45     0.17793
 paid            6     0.74600
 Number of training cases misclassified = 76
 Predicted class is paid
 ----------------------------
  
 ******************************************************
 Variables used for splitting:
 GoodForMeal_latenight
 HappyHour
 HasTV
 Music_background_music
 Music_jukebox
 RestaurantsAttire
 
 Number of terminal nodes: 7
 
  Predictor variables sorted by importance scores
  Importance Scores
 Scaled       Unscaled         Rank  Variable
  100.0    5.08125E+00         1.00  Music_background_music
   99.0    5.03194E+00         2.00  HasTV
   88.4    4.49344E+00         3.00  RestaurantsAttire
   69.6    3.53858E+00         4.00  NoiseLevel
   65.7    3.33966E+00         5.00  BusinessParking_garage
   65.3    3.31997E+00         6.00  Music_karaoke
   61.0    3.09924E+00         7.00  Music_dj
   58.0    2.94930E+00         8.00  Music_jukebox
   58.0    2.94711E+00         9.00  Music_video
   56.1    2.84883E+00        10.00  BestNights_tuesday
   53.9    2.74124E+00        11.00  Music_live
   53.3    2.70837E+00        12.00  BestNights_wednesday
   52.3    2.65998E+00        13.00  Ambience_casual
   52.3    2.65614E+00        14.00  Music_no_music
   52.0    2.64301E+00        15.00  Smoking
   50.3    2.55781E+00        16.00  BestNights_monday
   50.3    2.55695E+00        17.00  BestNights_sunday
   50.2    2.55166E+00        18.00  BestNights_thursday
   48.5    2.46670E+00        19.00  WiFi
   48.3    2.45274E+00        20.00  BestNights_saturday
   46.5    2.36239E+00        21.00  CoatCheck
   46.1    2.34269E+00        22.00  BikeParking
   39.8    2.02461E+00        23.00  Corkage
   37.4    1.89885E+00        24.00  GoodForKids
   35.2    1.78772E+00        25.00  GoodForMeal_lunch
   35.1    1.78507E+00        26.00  BusinessAcceptsBitcoin
   34.4    1.74784E+00        27.00  Ambience_classy
   31.7    1.61239E+00        28.00  RestaurantsReservations
   31.5    1.59925E+00        29.00  Ambience_touristy
   26.8    1.36345E+00        30.00  GoodForMeal_latenight
   26.4    1.34223E+00        31.00  Ambience_romantic
   26.4    1.34002E+00        32.00  RestaurantsGoodForGroups
   24.0    1.22000E+00        33.00  WheelchairAccessible
   23.4    1.18770E+00        34.00  Ambience_upscale
   23.2    1.18121E+00        35.00  BusinessAcceptsCreditCards
   22.3    1.13213E+00        36.00  RestaurantsTableService
   20.6    1.04792E+00        37.00  RestaurantsDelivery
   20.3    1.03085E+00        38.00  HappyHour
 ----------------- cut-off -------------------
   19.2    9.74888E-01        39.00  GoodForMeal_dessert
   17.8    9.06234E-01        40.00  GoodForMeal_brunch
   17.8    9.05484E-01        41.00  GoodForMeal_dinner
   16.5    8.40465E-01        42.00  Ambience_hipster
   15.9    8.08792E-01        43.00  RestaurantsPriceRange2
   14.8    7.52578E-01        44.00  GoodForMeal_breakfast
   12.6    6.39510E-01        45.00  Open24Hours
   12.6    6.38864E-01        46.00  Ambience_trendy
   12.4    6.31205E-01        47.00  Ambience_divey
   11.8    5.97319E-01        48.00  BYOB
   10.2    5.15987E-01        49.00  Ambience_intimate
   10.1    5.12529E-01        50.00  ByAppointmentOnly
    9.6    4.90254E-01        51.00  BusinessParking_street
    8.9    4.50155E-01        52.00  RestaurantsTakeOut
    7.1    3.61957E-01        53.00  DriveThru
    5.6    2.84755E-01        55.50  OutdoorSeating
    5.6    2.84755E-01        55.50  Alcohol
    5.6    2.84755E-01        55.50  BYOBCorkage
    5.6    2.84755E-01        55.50  Caters
    5.0    2.51761E-01        58.50  AcceptsInsurance
    5.0    2.51761E-01        58.50  AgesAllowed
    4.1    2.06235E-01        60.00  BusinessParking_lot
    3.5    1.76168E-01        61.00  BusinessParking_valet
    2.0    1.04133E-01        62.00  GoodForDancing
    1.6    8.31238E-02        63.00  BestNights_friday
    1.4    7.12485E-02        64.00  BusinessParking_validated
    0.4    2.12335E-02        65.00  DogsAllowed
 Variables with unscaled scores above 1 are important
 
 Number of important and unimportant split variables: 38, 27
 Importance scores are stored in topic2.scr
 Elapsed time in seconds: 14.783
