             GGG   U   U  I  DDDD   EEEE
            G   G  U   U  I  D   D  E
            G      U   U  I  D   D  E
            G  GG  U   U  I  D   D  EEE
            G   G  U   U  I  D   D  E
            G   G  U   U  I  D   D  E
             GGG    UUU   I  DDDD   EEEE
   
 GUIDE Classification and Regression Trees and Forests
 Version 32.0 (Build date: August 29, 2019)        
 Compiled with NAG Fortran 6.2.0 on macOS Mojave 10.14.6     
 Copyright (c) 1997-2019 Wei-Yin Loh. All rights reserved.
 This software is based upon work supported by the U.S. Army Research Office,
 the National Science Foundation and the National Institutes of Health.
  
 This job was started on 11/14/19 at 18:09
  
 Classification tree
 No pruning
 Data description file: desc5.txt
 Training sample file: topic5.csv
 Missing value code: Na
 Records in data file start on line 2
 Dependent variable is stars
 Number of records in data file: 704
 Length of longest entry in data file: 13
 Missing values found among categorical variables
 Separate categories will be created for missing categorical variables
 Number of classes: 3
 Warning: All values missing in categorical variable AgesAllowed
 Warning: All values missing in categorical variable Alcohol
 Warning: All values missing in categorical variable BYOBCorkage
 Warning: All values missing in categorical variable OutdoorSeating
 Training sample class proportions of D variable stars:
 Class  #Cases     Proportion
 free      145     0.29058116
 no        353     0.70741483
 paid        1     0.00200401
  
      Total  #cases w/   #missing
     #cases    miss. D  ord. vals   #X-var   #N-var   #F-var   #S-var
        704        205          0        0        0        0        0
     #P-var   #M-var   #B-var   #C-var   #I-var
          0        0        0       65        0
 No. cases used for training: 499
 No. cases excluded due to 0 weight or missing D: 205
  
 Importance scoring of variables
 Univariate split highest priority
 Interaction splits 2nd priority; no linear splits
 Fraction of noise variables erroneously identified as important = .01000
 Simple node models
 Equal priors
 Unit misclassification costs
 Split values for N and S variables based on exhaustive search
 Maximum number of split levels: 3
 Minimum node sample size: 5
  
 Note: final tree is shorter due to pruning of sibling nodes with same predicted values.
 Structure of final tree. Each terminal node is marked with a T.
  
 Node cost is node misclassification cost divided by number of training cases
        Node    Total    Train    Predicted        Node    Split          Interacting
       label    cases    cases    class            cost    variables      variable
           1      499      499    free           4.725E-01 Ambience_intimate 
           2      473      473    no             3.476E-01 BusinessAcceptsCreditCards 
           4T      54       54    free           1.379E-01 Ambience_classy 
           5      419      419    no             3.068E-01 Music_background_music 
          10T     179      179    free           3.226E-01 GoodForMeal_lunch 
          11T     240      240    no             2.368E-01 Ambience_romantic 
           3       26       26    paid           7.340E-02 RestaurantsTakeOut 
           6T       9        9    free           2.405E-01 - 
           7       17       17    paid           4.870E-02 RestaurantsGoodForGroups 
          14T       9        9    free           3.197E-01 - 
          15T       8        8    paid           2.469E-02 - 
  
 Number of terminal nodes of final tree: 6
 Total number of nodes of final tree: 11
 Second best split variable (based on curvature test) at root node is Ambience_divey
  
 Classification tree:
 At splits on categorical variables, values not in training data go to the right
  
 Node 1: Ambience_intimate = "False"
   Node 2: BusinessAcceptsCreditCards = "False"
     Node 4: free
   Node 2: BusinessAcceptsCreditCards /= "False"
     Node 5: Music_background_music = "True"
       Node 10: free
     Node 5: Music_background_music /= "True"
       Node 11: no
 Node 1: Ambience_intimate /= "False"
   Node 3: RestaurantsTakeOut = "True"
     Node 6: free
   Node 3: RestaurantsTakeOut /= "True"
     Node 7: RestaurantsGoodForGroups = "False"
       Node 14: free
     Node 7: RestaurantsGoodForGroups /= "False"
       Node 15: paid
 
 ***************************************************************
 
  
Node 1: Intermediate node
 A case goes into Node 2 if Ambience_intimate = "False"
 Ambience_intimate mode = "False"
 Class      Number   Posterior
 free          145     0.33333
 no            353     0.33333
 paid            1     0.33333
 Number of training cases misclassified = 354
 Predicted class is free
 ----------------------------
Node 2: Intermediate node
 A case goes into Node 4 if BusinessAcceptsCreditCards = "False"
 BusinessAcceptsCreditCards mode = "Na"
 Class      Number   Posterior
 free          134     0.49039
 no            339     0.50961
 paid            0     0.00000
 Number of training cases misclassified = 134
 Predicted class is no
 ----------------------------
Node 4: Terminal node
 Class      Number   Posterior
 free           34     0.80540
 no             20     0.19460
 paid            0     0.00000
 Number of training cases misclassified = 20
 Predicted class is free
 ----------------------------
Node 5: Intermediate node
 A case goes into Node 10 if Music_background_music = "True"
 Music_background_music mode = "False"
 Class      Number   Posterior
 free          100     0.43284
 no            319     0.56716
 paid            0     0.00000
 Number of training cases misclassified = 100
 Predicted class is no
 ----------------------------
Node 10: Terminal node
 Class      Number   Posterior
 free           59     0.54482
 no            120     0.45518
 paid            0     0.00000
 Number of training cases misclassified = 120
 Predicted class is free
 ----------------------------
Node 11: Terminal node
 Class      Number   Posterior
 free           41     0.33403
 no            199     0.66597
 paid            0     0.00000
 Number of training cases misclassified = 41
 Predicted class is no
 ----------------------------
Node 3: Intermediate node
 A case goes into Node 6 if RestaurantsTakeOut = "True"
 RestaurantsTakeOut mode = "Na"
 Class      Number   Posterior
 free           11     0.06801
 no             14     0.03555
 paid            1     0.89644
 Number of training cases misclassified = 25
 Predicted class is paid
 ----------------------------
Node 6: Terminal node
 Class      Number   Posterior
 free            4     0.66074
 no              5     0.33926
 paid            0     0.00000
 Number of training cases misclassified = 5
 Predicted class is free
 ----------------------------
Node 7: Intermediate node
 A case goes into Node 14 if RestaurantsGoodForGroups = "False"
 RestaurantsGoodForGroups mode = "False"
 Class      Number   Posterior
 free            7     0.04496
 no              9     0.02374
 paid            1     0.93130
 Number of training cases misclassified = 16
 Predicted class is paid
 ----------------------------
Node 14: Terminal node
 Class      Number   Posterior
 free            3     0.54899
 no              6     0.45101
 paid            0     0.00000
 Number of training cases misclassified = 6
 Predicted class is free
 ----------------------------
Node 15: Terminal node
 Class      Number   Posterior
 free            4     0.02663
 no              3     0.00820
 paid            1     0.96517
 Number of training cases misclassified = 7
 Predicted class is paid
 ----------------------------
  
 ******************************************************
 Variables used for splitting:
 Ambience_intimate
 BusinessAcceptsCreditCards
 Music_background_music
 RestaurantsGoodForGroups
 RestaurantsTakeOut
 
 Number of terminal nodes: 6
 
  Predictor variables sorted by importance scores
  Importance Scores
 Scaled       Unscaled         Rank  Variable
  100.0    7.68721E+00         1.00  BusinessAcceptsCreditCards
   96.4    7.40867E+00         2.00  Ambience_intimate
   91.3    7.02186E+00         3.00  Ambience_divey
   69.1    5.31399E+00         4.00  DriveThru
   52.7    4.05154E+00         5.00  CoatCheck
   46.7    3.59366E+00         6.00  WiFi
   40.5    3.11363E+00         7.00  RestaurantsAttire
   37.7    2.89566E+00         8.00  Music_background_music
   34.4    2.64563E+00         9.00  BusinessParking_lot
   33.4    2.56702E+00        10.00  Ambience_upscale
   29.5    2.26504E+00        11.00  HappyHour
   26.5    2.03896E+00        13.50  Music_karaoke
   26.5    2.03896E+00        13.50  NoiseLevel
   26.5    2.03896E+00        13.50  Music_no_music
   26.5    2.03896E+00        13.50  Music_video
   26.4    2.03287E+00        16.00  GoodForMeal_brunch
   26.3    2.02554E+00        17.00  GoodForMeal_lunch
   25.5    1.96282E+00        18.00  GoodForMeal_dessert
   25.5    1.95672E+00        19.00  Open24Hours
   23.1    1.77379E+00        20.00  BikeParking
   21.4    1.64421E+00        21.00  GoodForKids
   21.3    1.63469E+00        22.00  BestNights_thursday
   21.0    1.61760E+00        23.00  RestaurantsTakeOut
   20.7    1.58954E+00        24.00  Music_jukebox
   20.7    1.58755E+00        25.00  Music_live
   20.1    1.54752E+00        26.00  BestNights_tuesday
   19.9    1.52909E+00        27.00  Music_dj
   19.8    1.52328E+00        28.00  Corkage
   19.5    1.49993E+00        29.00  BestNights_monday
   18.9    1.45517E+00        30.00  Ambience_romantic
   18.8    1.44543E+00        31.00  GoodForMeal_latenight
   17.8    1.37051E+00        32.00  GoodForMeal_dinner
   17.5    1.34618E+00        33.00  BestNights_wednesday
   16.9    1.30220E+00        34.00  GoodForDancing
   16.8    1.29395E+00        35.00  BusinessAcceptsBitcoin
   16.4    1.26352E+00        36.00  BestNights_saturday
   16.3    1.25445E+00        37.00  RestaurantsTableService
   16.3    1.25445E+00        38.00  BestNights_sunday
   14.6    1.12575E+00        39.00  BusinessParking_validated
   14.5    1.11300E+00        40.00  BusinessParking_garage
 ----------------- cut-off -------------------
   12.4    9.53944E-01        41.00  RestaurantsDelivery
   11.5    8.81493E-01        42.00  RestaurantsPriceRange2
   10.8    8.32972E-01        43.00  WheelchairAccessible
    7.8    5.99675E-01        44.00  Ambience_casual
    5.9    4.56327E-01        45.00  RestaurantsReservations
    4.3    3.30792E-01        48.00  OutdoorSeating
    4.3    3.30792E-01        48.00  AcceptsInsurance
    4.3    3.30792E-01        48.00  Alcohol
    4.3    3.30792E-01        48.00  BYOBCorkage
    4.3    3.30792E-01        48.00  AgesAllowed
    4.2    3.24096E-01        51.00  HasTV
    4.1    3.16283E-01        52.00  GoodForMeal_breakfast
    4.1    3.14969E-01        53.00  DogsAllowed
    3.6    2.74398E-01        54.00  BusinessParking_street
    3.0    2.29809E-01        55.00  RestaurantsGoodForGroups
    2.5    1.95397E-01        56.00  Caters
    1.5    1.13281E-01        57.00  Ambience_hipster
    1.0    7.49806E-02        58.00  BYOB
    0.9    6.64073E-02        59.00  BestNights_friday
    0.8    6.26033E-02        60.00  Ambience_trendy
    0.8    5.77360E-02        61.00  ByAppointmentOnly
    0.7    5.32075E-02        62.00  BusinessParking_valet
    0.3    2.51952E-02        63.00  Ambience_classy
    0.0    0.00000E+00        64.00  Ambience_touristy
    0.0    0.00000E+00        65.00  Smoking
 Variables with unscaled scores above 1 are important
 
 Number of important and unimportant split variables: 40, 25
 Importance scores are stored in topic5.scr
 Elapsed time in seconds: 9.5225
